<?xml version="1.0" encoding="UTF-8"?>
<testng-results skipped="0" failed="0" total="1" passed="1">
  <reporter-output>
  </reporter-output>
  <suite name="Suite" duration-ms="26458" started-at="2021-03-10T10:01:57Z" finished-at="2021-03-10T10:02:24Z">
    <groups>
      <group name="cucumber">
        <method signature="AbstractTestNGCucumberTests.feature(cucumber.api.testng.CucumberFeatureWrapper)[pri:0, instance:runner.TestRunner_One@eec5a4a]" name="feature" class="cucumber.api.testng.AbstractTestNGCucumberTests"/>
      </group> <!-- cucumber -->
    </groups>
    <test name="Test" duration-ms="26458" started-at="2021-03-10T10:01:57Z" finished-at="2021-03-10T10:02:24Z">
      <class name="runner.TestRunner_One">
        <test-method status="PASS" signature="setUpClass()[pri:0, instance:runner.TestRunner_One@eec5a4a]" name="setUpClass" is-config="true" duration-ms="248" started-at="2021-03-10T15:31:57Z" finished-at="2021-03-10T15:31:58Z">
          <reporter-output>
          </reporter-output>
        </test-method> <!-- setUpClass -->
        <test-method status="PASS" signature="feature(cucumber.api.testng.CucumberFeatureWrapper)[pri:0, instance:runner.TestRunner_One@eec5a4a]" name="feature" duration-ms="25746" started-at="2021-03-10T15:31:58Z" description="Runs Cucumber Feature" data-provider="features" finished-at="2021-03-10T15:32:23Z">
          <params>
            <param index="0">
              <value>
                <![CDATA[Verifying features for demoqa.com]]>
              </value>
            </param>
          </params>
          <reporter-output>
          </reporter-output>
        </test-method> <!-- feature -->
        <test-method status="PASS" signature="tearDownClass()[pri:0, instance:runner.TestRunner_One@eec5a4a]" name="tearDownClass" is-config="true" duration-ms="389" started-at="2021-03-10T15:32:23Z" finished-at="2021-03-10T15:32:24Z">
          <reporter-output>
          </reporter-output>
        </test-method> <!-- tearDownClass -->
      </class> <!-- runner.TestRunner_One -->
    </test> <!-- Test -->
  </suite> <!-- Suite -->
</testng-results>
